2024-02-01 ERROR Something very went wrong
2024-02-01 ERROR Something very went wrong
2024-02-01 ERROR Something very went wrong
2024-02-01 ERROR Something very went wrong
2024-01-01 ERROR Something went wrong
2024-01-01 ERROR Something went wrong
2024-01-01 ERROR Something went wrong
2024-01-01 ERROR Something went wrong
2024-01-01 ERROR Something went wrong
2024-01-01 ERROR Something went wrong
2024-01-01 ERROR Abracadabra
2024-01-01 ERROR Abracadabra

2025-02-55 ERROR Impossible date
2025-02-55 ERROR Impossible date
2024-01-01 INFO User logged in
2024-01-01 INFO User logged in
2024-01-01 WARNING Disk space is full
2024-01-01 WARNING Disk space is full
2024-01-01 WARNING Disk space is full
2024-01-01 BANG Shutting down
Shutting down 2024-01-01 BANG